2020-01-13 10:27:30,673:DEBUG:Start of script: 
2020-01-13 10:27:53,938:DEBUG:Start of script: 
2020-01-13 10:28:35,873:DEBUG:Start of script: 
2020-01-13 10:28:35,873:DEBUG:['1.5.7 Packet Tracer - Network Representation.pka', '2.8.2 Video Activity - Test End-to-End Connectivity.pkt', 'CentOS7.ova', 'DiscordSetup.exe', 'Extra_Files', 'hss2381-c-course-outline-fall2017-hogan.docx', 'hss_syllabus.docx', 'Packet Tracer 7.2.1 for Windows 64 bit (1)', 'rootkey.csv', 'Setup.Def.en-US_O365HomePremRetail_063afb60-1104-4c8f-8ff6-43a9c6dfe632_TX_PR_Platform_def_.exe', 'VMware-player-15.5.1-15018445.exe', 'VMware-workstation-full-15.5.0-14665864.exe']
2020-01-13 12:16:14,988:DEBUG:Start of script: 
2020-01-13 12:16:14,990:DEBUG:['1.5.7 Packet Tracer - Network Representation.pka', '2.8.2 Video Activity - Test End-to-End Connectivity.pkt', 'CentOS7.ova', 'DiscordSetup.exe', 'Extra_Files', 'hss2381-c-course-outline-fall2017-hogan.docx', 'hss_syllabus.docx', 'Packet Tracer 7.2.1 for Windows 64 bit (1)', 'rootkey.csv', 'Setup.Def.en-US_O365HomePremRetail_063afb60-1104-4c8f-8ff6-43a9c6dfe632_TX_PR_Platform_def_.exe', 'VMware-player-15.5.1-15018445.exe', 'VMware-workstation-full-15.5.0-14665864.exe']
2020-01-18 23:36:22,351:DEBUG:Start of script: 
2020-01-18 23:37:30,845:DEBUG:Start of script: 
2020-01-18 23:37:30,845:DEBUG:['1.5.7 Packet Tracer - Network Representation.pka', '2.8.2 Video Activity - Test End-to-End Connectivity.pkt', 'Cell.java', 'DiscordSetup.exe', 'Extra_Files', 'hss2381-c-course-outline-fall2017-hogan.docx', 'hss_syllabus.docx', 'Packet Tracer 7.2.1 for Windows 64 bit (1)', 'py_os.py', 'rootkey.csv', 'Setup.Def.en-US_O365HomePremRetail_063afb60-1104-4c8f-8ff6-43a9c6dfe632_TX_PR_Platform_def_.exe', 'VMware-player-15.5.1-15018445.exe', 'VMware-workstation-full-15.5.0-14665864.exe', 'VMware-workstation-full-15.5.1-15018445.exe']
2020-01-18 23:38:03,879:DEBUG:Start of script: 
2020-01-18 23:38:08,538:DEBUG:Start of script: 
2020-01-18 23:38:52,750:DEBUG:Start of script: 
2020-01-18 23:39:07,560:DEBUG:Start of script: 
2020-01-18 23:44:52,594:DEBUG:Start of script: 
2020-01-18 23:48:33,881:DEBUG:Start of script: 
2020-01-18 23:48:55,379:DEBUG:Start of script: 
2020-01-18 23:53:54,152:DEBUG:Start of script: 
2020-01-18 23:54:06,654:DEBUG:Start of script: 
2020-01-18 23:54:38,984:DEBUG:Start of script: 
2020-01-18 23:55:42,386:DEBUG:Start of script: 
2020-01-18 23:55:42,386:DEBUG:None
2020-01-18 23:55:42,386:DEBUG:None
2020-01-18 23:57:30,422:DEBUG:Start of script: 
2020-01-18 23:57:30,422:DEBUG:['1.5.7 Packet Tracer - Network Representation.pka', '2.8.2 Video Activity - Test End-to-End Connectivity.pkt', 'Cell.java', 'DiscordSetup.exe', 'Extra_Files', 'hss2381-c-course-outline-fall2017-hogan.docx', 'hss_syllabus.docx', 'Packet Tracer 7.2.1 for Windows 64 bit (1)', 'py_os.py', 'rootkey.csv', 'Setup.Def.en-US_O365HomePremRetail_063afb60-1104-4c8f-8ff6-43a9c6dfe632_TX_PR_Platform_def_.exe', 'VMware-player-15.5.1-15018445.exe', 'VMware-workstation-full-15.5.0-14665864.exe', 'VMware-workstation-full-15.5.1-15018445.exe']
2020-01-18 23:57:30,422:DEBUG:['1.5.7 Packet Tracer - Network Representation.pka', '2.8.2 Video Activity - Test End-to-End Connectivity.pkt', 'Cell.java', 'DiscordSetup.exe', 'Extra_Files', 'hss2381-c-course-outline-fall2017-hogan.docx', 'hss_syllabus.docx', 'Packet Tracer 7.2.1 for Windows 64 bit (1)', 'py_os.py', 'rootkey.csv', 'Setup.Def.en-US_O365HomePremRetail_063afb60-1104-4c8f-8ff6-43a9c6dfe632_TX_PR_Platform_def_.exe', 'VMware-player-15.5.1-15018445.exe', 'VMware-workstation-full-15.5.0-14665864.exe', 'VMware-workstation-full-15.5.1-15018445.exe']
2020-01-18 23:58:32,315:DEBUG:Start of script: 
2020-01-18 23:58:32,315:DEBUG:['1.5.7 Packet Tracer - Network Representation.pka', '2.8.2 Video Activity - Test End-to-End Connectivity.pkt', 'Cell.java', 'DiscordSetup.exe', 'Extra_Files', 'hss2381-c-course-outline-fall2017-hogan.docx', 'hss_syllabus.docx', 'Packet Tracer 7.2.1 for Windows 64 bit (1)', 'py_os.py', 'rootkey.csv', 'Setup.Def.en-US_O365HomePremRetail_063afb60-1104-4c8f-8ff6-43a9c6dfe632_TX_PR_Platform_def_.exe', 'VMware-player-15.5.1-15018445.exe', 'VMware-workstation-full-15.5.0-14665864.exe', 'VMware-workstation-full-15.5.1-15018445.exe']
2020-01-18 23:58:32,316:DEBUG:['1.5.7 Packet Tracer - Network Representation.pka', '2.8.2 Video Activity - Test End-to-End Connectivity.pkt', 'Cell.java', 'DiscordSetup.exe', 'Extra_Files', 'hss2381-c-course-outline-fall2017-hogan.docx', 'hss_syllabus.docx', 'Packet Tracer 7.2.1 for Windows 64 bit (1)', 'py_os.py', 'rootkey.csv', 'Setup.Def.en-US_O365HomePremRetail_063afb60-1104-4c8f-8ff6-43a9c6dfe632_TX_PR_Platform_def_.exe', 'VMware-player-15.5.1-15018445.exe', 'VMware-workstation-full-15.5.0-14665864.exe', 'VMware-workstation-full-15.5.1-15018445.exe']
2020-01-19 00:02:03,455:DEBUG:Start of script: 
2020-01-19 00:02:03,455:DEBUG:['1.5.7 Packet Tracer - Network Representation.pka', '2.8.2 Video Activity - Test End-to-End Connectivity.pkt', 'Cell.java', 'DiscordSetup.exe', 'Extra_Files', 'hss2381-c-course-outline-fall2017-hogan.docx', 'hss_syllabus.docx', 'Packet Tracer 7.2.1 for Windows 64 bit (1)', 'py_os.py', 'rootkey.csv', 'Setup.Def.en-US_O365HomePremRetail_063afb60-1104-4c8f-8ff6-43a9c6dfe632_TX_PR_Platform_def_.exe', 'VMware-player-15.5.1-15018445.exe', 'VMware-workstation-full-15.5.0-14665864.exe', 'VMware-workstation-full-15.5.1-15018445.exe']
2020-01-19 00:02:03,455:DEBUG:['1.5.7 Packet Tracer - Network Representation.pka', '2.8.2 Video Activity - Test End-to-End Connectivity.pkt', 'Cell.java', 'DiscordSetup.exe', 'Extra_Files', 'hss2381-c-course-outline-fall2017-hogan.docx', 'hss_syllabus.docx', 'Packet Tracer 7.2.1 for Windows 64 bit (1)', 'py_os.py', 'rootkey.csv', 'Setup.Def.en-US_O365HomePremRetail_063afb60-1104-4c8f-8ff6-43a9c6dfe632_TX_PR_Platform_def_.exe', 'VMware-player-15.5.1-15018445.exe', 'VMware-workstation-full-15.5.0-14665864.exe', 'VMware-workstation-full-15.5.1-15018445.exe']
2020-01-19 00:03:04,939:DEBUG:Start of script: 
2020-01-19 00:03:04,940:DEBUG:['1.5.7 Packet Tracer - Network Representation.pka', '2.8.2 Video Activity - Test End-to-End Connectivity.pkt', 'Cell.java', 'DiscordSetup.exe', 'Extra_Files', 'hss2381-c-course-outline-fall2017-hogan.docx', 'hss_syllabus.docx', 'Packet Tracer 7.2.1 for Windows 64 bit (1)', 'py_os.py', 'rootkey.csv', 'Setup.Def.en-US_O365HomePremRetail_063afb60-1104-4c8f-8ff6-43a9c6dfe632_TX_PR_Platform_def_.exe', 'VMware-player-15.5.1-15018445.exe', 'VMware-workstation-full-15.5.0-14665864.exe', 'VMware-workstation-full-15.5.1-15018445.exe']
2020-01-19 00:03:04,940:DEBUG:['1.5.7 Packet Tracer - Network Representation.pka', '2.8.2 Video Activity - Test End-to-End Connectivity.pkt', 'Cell.java', 'DiscordSetup.exe', 'Extra_Files', 'hss2381-c-course-outline-fall2017-hogan.docx', 'hss_syllabus.docx', 'Packet Tracer 7.2.1 for Windows 64 bit (1)', 'py_os.py', 'rootkey.csv', 'Setup.Def.en-US_O365HomePremRetail_063afb60-1104-4c8f-8ff6-43a9c6dfe632_TX_PR_Platform_def_.exe', 'VMware-player-15.5.1-15018445.exe', 'VMware-workstation-full-15.5.0-14665864.exe', 'VMware-workstation-full-15.5.1-15018445.exe']
2020-01-19 00:08:31,959:DEBUG:Start of script: 
2020-01-19 00:11:40,170:DEBUG:Start of script: 
2020-01-19 00:11:56,628:DEBUG:Start of script: 
2020-01-19 00:12:20,159:DEBUG:Start of script: 
2020-01-19 00:17:24,088:DEBUG:Start of script: 
2020-01-19 00:17:24,088:DEBUG:['1.5.7 Packet Tracer - Network Representation.pka', '2.8.2 Video Activity - Test End-to-End Connectivity.pkt', 'Cell.java', 'DiscordSetup.exe', 'Extra_Files', 'hss2381-c-course-outline-fall2017-hogan.docx', 'hss_syllabus.docx', 'Packet Tracer 7.2.1 for Windows 64 bit (1)', 'py_os.py', 'rootkey.csv', 'Setup.Def.en-US_O365HomePremRetail_063afb60-1104-4c8f-8ff6-43a9c6dfe632_TX_PR_Platform_def_.exe', 'VMware-player-15.5.1-15018445.exe', 'VMware-workstation-full-15.5.0-14665864.exe', 'VMware-workstation-full-15.5.1-15018445.exe']
2020-01-19 00:17:30,618:DEBUG:Start of script: 
2020-01-19 00:17:30,618:DEBUG:['1.5.7 Packet Tracer - Network Representation.pka', '2.8.2 Video Activity - Test End-to-End Connectivity.pkt', 'Cell.java', 'DiscordSetup.exe', 'Extra_Files', 'hss2381-c-course-outline-fall2017-hogan.docx', 'hss_syllabus.docx', 'Packet Tracer 7.2.1 for Windows 64 bit (1)', 'py_os.py', 'rootkey.csv', 'Setup.Def.en-US_O365HomePremRetail_063afb60-1104-4c8f-8ff6-43a9c6dfe632_TX_PR_Platform_def_.exe', 'VMware-player-15.5.1-15018445.exe', 'VMware-workstation-full-15.5.0-14665864.exe', 'VMware-workstation-full-15.5.1-15018445.exe']
2020-01-19 00:17:30,618:DEBUG:[]
2020-01-19 00:17:30,618:DEBUG:['1.5.7 Packet Tracer - Network Representation.pka', '2.8.2 Video Activity - Test End-to-End Connectivity.pkt', 'Cell.java', 'DiscordSetup.exe', 'Extra_Files', 'hss2381-c-course-outline-fall2017-hogan.docx', 'hss_syllabus.docx', 'Packet Tracer 7.2.1 for Windows 64 bit (1)', 'py_os.py', 'rootkey.csv', 'Setup.Def.en-US_O365HomePremRetail_063afb60-1104-4c8f-8ff6-43a9c6dfe632_TX_PR_Platform_def_.exe', 'VMware-player-15.5.1-15018445.exe', 'VMware-workstation-full-15.5.0-14665864.exe', 'VMware-workstation-full-15.5.1-15018445.exe']
2020-01-19 00:17:30,618:DEBUG:[]
