2019-12-28 15:19:06,361:DEBUG:Start of programming
2019-12-28 15:19:06,362:DEBUG:NAT_practice_activity.zip
2019-12-28 15:19:06,362:DEBUG:Program
2019-12-28 15:19:06,362:DEBUG:pseudocode_files.odt
2019-12-28 15:19:06,362:DEBUG:python-3.8.0.exe
2019-12-28 15:19:06,363:DEBUG:rufus-3.8.exe
2019-12-28 15:19:06,363:DEBUG:rufus_files
2019-12-28 15:19:06,363:DEBUG:SpotifySetup.exe
2019-12-28 15:19:06,363:DEBUG:Sublime Text Build 3211 x64 Setup.exe
2019-12-28 15:19:06,363:DEBUG:Universal-USB-Installer-1.9.8.9.exe
2019-12-28 15:19:06,363:DEBUG:VirtualBox-6.0.14-133895-Win.exe
2019-12-28 15:19:06,365:DEBUG:VSCodeUserSetup-x64-1.40.2.exe
2019-12-28 15:19:06,365:DEBUG:~$eudocode_files.odt
2019-12-28 15:29:37,340:DEBUG:Start of programming
2019-12-28 15:29:37,341:DEBUG:NAT_practice_activity.zip
2019-12-28 15:29:37,341:DEBUG:Other_Files
2019-12-28 15:29:37,341:DEBUG:Program
2019-12-28 15:29:37,341:DEBUG:pseudocode_files.odt
2019-12-28 15:29:37,341:DEBUG:python-3.8.0.exe
2019-12-28 15:29:37,341:DEBUG:rufus-3.8.exe
2019-12-28 15:29:37,341:DEBUG:rufus_files
2019-12-28 15:29:37,341:DEBUG:SpotifySetup.exe
2019-12-28 15:29:37,341:DEBUG:Sublime Text Build 3211 x64 Setup.exe
2019-12-28 15:29:37,341:DEBUG:Universal-USB-Installer-1.9.8.9.exe
2019-12-28 15:29:37,341:DEBUG:VirtualBox-6.0.14-133895-Win.exe
2019-12-28 15:29:37,341:DEBUG:VSCodeUserSetup-x64-1.40.2.exe
2019-12-28 15:29:37,342:DEBUG:~$eudocode_files.odt
2019-12-28 15:32:10,984:DEBUG:Start of programming
2019-12-28 15:32:10,984:DEBUG:NAT_practice_activity.zip
2019-12-28 15:34:23,715:DEBUG:Start of programming
2019-12-28 15:34:23,716:DEBUG:NAT_practice_activity.zip
2019-12-28 15:35:27,501:DEBUG:Start of programming
2019-12-28 15:35:27,502:DEBUG:['Extra_Files', 'NAT_practice_activity.zip', 'pseudocode_files.odt', 'python-3.8.0.exe', 'rufus-3.8.exe', 'rufus_files', 'SpotifySetup.exe', 'Sublime Text Build 3211 x64 Setup.exe', 'Universal-USB-Installer-1.9.8.9.exe', 'VirtualBox-6.0.14-133895-Win.exe', 'VSCodeUserSetup-x64-1.40.2.exe', '~$eudocode_files.odt']
2019-12-28 15:36:11,772:DEBUG:Start of programming
2019-12-28 15:36:11,772:DEBUG:['Extra_Files', 'NAT_practice_activity.zip', 'pseudocode_files.odt', 'python-3.8.0.exe', 'rufus-3.8.exe', 'rufus_files', 'SpotifySetup.exe', 'Sublime Text Build 3211 x64 Setup.exe', 'Universal-USB-Installer-1.9.8.9.exe', 'VirtualBox-6.0.14-133895-Win.exe', 'VSCodeUserSetup-x64-1.40.2.exe', '~$eudocode_files.odt']
2019-12-28 15:36:30,984:DEBUG:Start of programming
2019-12-28 15:36:30,985:DEBUG:['Extra_Files', 'NAT_practice_activity.zip', 'pseudocode_files.odt', 'python-3.8.0.exe', 'rufus-3.8.exe', 'rufus_files', 'SpotifySetup.exe', 'Sublime Text Build 3211 x64 Setup.exe', 'Universal-USB-Installer-1.9.8.9.exe', 'VirtualBox-6.0.14-133895-Win.exe', 'VSCodeUserSetup-x64-1.40.2.exe', '~$eudocode_files.odt']
2019-12-28 15:37:34,702:DEBUG:Start of programming
2019-12-28 15:37:34,703:DEBUG:<class 'list'>
2019-12-28 15:39:30,692:DEBUG:Start of programming
2019-12-28 15:39:30,693:DEBUG:<class 'list'>
2019-12-28 15:39:30,693:DEBUG:NAT_practice_activity.zip
2019-12-28 15:40:00,785:DEBUG:Start of programming
2019-12-28 15:40:00,786:DEBUG:<class 'list'>
2019-12-28 15:40:36,648:DEBUG:Start of programming
2019-12-28 15:40:36,649:DEBUG:<class 'list'>
2019-12-28 15:40:36,649:DEBUG:<class 'str'>
2019-12-28 15:40:36,649:DEBUG:<class 'str'>
2019-12-28 15:40:36,649:DEBUG:<class 'str'>
2019-12-28 15:40:36,649:DEBUG:<class 'str'>
2019-12-28 15:40:36,649:DEBUG:<class 'str'>
2019-12-28 15:40:36,649:DEBUG:<class 'str'>
2019-12-28 15:40:36,649:DEBUG:<class 'str'>
2019-12-28 15:40:36,649:DEBUG:<class 'str'>
2019-12-28 15:40:36,649:DEBUG:<class 'str'>
2019-12-28 15:40:36,649:DEBUG:<class 'str'>
2019-12-28 15:40:36,649:DEBUG:<class 'str'>
2019-12-28 15:40:36,649:DEBUG:<class 'str'>
2019-12-28 15:42:18,832:DEBUG:Start of programming
2019-12-28 15:42:18,833:DEBUG:<class 'list'>
2019-12-28 15:42:18,833:DEBUG:<class 'str'>
2019-12-28 15:44:12,377:DEBUG:Start of programming
2019-12-28 15:44:12,378:DEBUG:<class 'list'>
2019-12-28 15:44:12,378:DEBUG:<class 'str'>
2019-12-28 15:44:12,378:DEBUG:<class 'str'>
2019-12-28 15:46:13,131:DEBUG:Start of programming
2019-12-28 15:46:13,132:DEBUG:<class 'list'>
2019-12-28 15:46:13,132:DEBUG:<class 'str'>
2019-12-28 15:46:13,132:DEBUG:<class 'str'>
2019-12-28 15:46:13,133:DEBUG:<class 'str'>
2019-12-28 15:46:13,134:DEBUG:<class 'str'>
2019-12-28 15:47:37,451:DEBUG:Start of programming
2019-12-28 15:47:37,452:DEBUG:<class 'list'>
2019-12-28 15:47:37,452:DEBUG:<class 'str'>
2019-12-28 15:47:37,452:DEBUG:<class 'str'>
2019-12-28 15:47:37,453:DEBUG:<class 'str'>
2019-12-28 15:47:37,456:DEBUG:<class 'str'>
2019-12-28 15:47:37,457:DEBUG:<class 'str'>
2019-12-28 15:47:37,458:DEBUG:<class 'str'>
2019-12-28 15:47:37,459:DEBUG:<class 'str'>
2019-12-28 15:47:37,460:DEBUG:<class 'str'>
2019-12-28 15:47:37,461:DEBUG:<class 'str'>
2019-12-28 15:47:37,462:DEBUG:<class 'str'>
2019-12-30 11:56:29,013:DEBUG:Start of programming
2019-12-30 11:56:29,014:DEBUG:<class 'list'>
2019-12-30 11:56:29,014:DEBUG:<class 'str'>
2019-12-30 11:56:29,014:DEBUG:<class 'str'>
2019-12-30 11:56:29,015:DEBUG:<class 'str'>
2019-12-30 12:00:09,855:DEBUG:Start of programming
2019-12-30 12:00:09,856:DEBUG:<class 'list'>
2019-12-30 12:00:09,856:DEBUG:<class 'str'>
2019-12-30 12:00:09,856:DEBUG:<class 'str'>
2019-12-30 12:00:09,857:DEBUG:<class 'str'>
2019-12-30 12:01:52,224:DEBUG:Start of programming
2019-12-30 12:01:52,224:DEBUG:<class 'list'>
2019-12-30 12:01:52,224:DEBUG:<class 'str'>
2019-12-30 12:01:52,224:DEBUG:<class 'str'>
2019-12-30 12:01:52,225:DEBUG:<class 'str'>
2019-12-30 12:01:52,226:DEBUG:<class 'str'>
2019-12-30 12:02:24,462:DEBUG:Start of programming
2019-12-30 12:02:24,463:DEBUG:<class 'list'>
2019-12-30 12:02:24,463:DEBUG:<class 'str'>
2019-12-30 12:02:24,463:DEBUG:<class 'str'>
2019-12-30 12:02:24,464:DEBUG:<class 'str'>
2019-12-30 12:02:46,089:DEBUG:Start of programming
2019-12-30 12:02:46,090:DEBUG:<class 'list'>
2019-12-30 12:02:46,090:DEBUG:<class 'str'>
2019-12-30 12:02:46,090:DEBUG:<class 'str'>
2019-12-30 12:02:46,091:DEBUG:<class 'str'>
2019-12-30 12:02:46,092:DEBUG:<class 'str'>
2019-12-30 12:02:46,093:DEBUG:<class 'str'>
2020-01-04 14:17:03,793:DEBUG:Start of programming
2020-01-04 14:17:03,799:DEBUG:<class 'list'>
2020-01-04 14:17:03,799:DEBUG:<class 'str'>
2020-01-04 14:17:03,800:DEBUG:<class 'str'>
